易语言助手 3.1.1125 正式版 更新记录 相对于3.1.0925
【请关闭易语言更新】
【请关闭易语言更新】
【请关闭易语言更新】

[特别提示]
本次更新新增了崩溃信息收集功能，便于我们在开发时，看到哪些插件、操作容易出现问题。
仅收集崩溃信息（包括电脑CPU信息（用于确定汇编代码是否兼容））和日常使用信息，不会收集其他任何信息。

支持库文件：
1. 优化了插件的加载方式，提升了加载速度。
2. 使用黑月重新编写模块窗口、便签窗口，提升显示速度并且修复问题。
3. 为容易触发崩溃的接口增加了更多的错误判断，降低程序崩溃概率。
4. 整理了目录文件，所有需要使用的dll都放入到一个目录中了。
5. 由于高版本链接器不支持中文作为dll导出函数，为了支持高版本链接器编译插件，插件的取信息公开接口新增：ETPluginInfo
6. 本次更新加入了目录、文件异常提示。
7. 本次更新修复了支持库中定义的树形框图标无法显示的问题。

基础功能改进：
修复了菜单中的【检查更新】有时会无效的问题。
现在更新信息和版本信息会在插件加载完毕后输出。
增加了目录检测功能。
崩溃提示升级，现在的崩溃提示更加智能。
增加记住源码密码功能，下次打开该源码时自动输入密码。感谢【@う网淅乄】建议；
新增批量插入图片、声音资源的功能。

命令提示多屏修正插件：
	1.修复大分辨率下气泡提示位置修正错误的BUG
定位工具插件 v1.12
	1、控件定位支持右键编辑选中控件；
	2、修复切换选择夹窗口刷新的BUG；
更新模块引用插件 
	1.支持最新版插件。

更新程序更新：
本次升级修改了更新的检测策略，速度提升1倍以上。

代码框扩展：
修复了如果下一行没有内容，Ctrl+D无法复制的问题。
修复了Tab无法准确跳到参数位置的bug。

词库更新：
修复个人收藏无法同步的问题。

设置程序更新：
支持最新版目录结构，提升了启动速度
修复了当导出函数不正确时的崩溃问题

智能编译：
修复了带有manifest时，编译带有UAC的程序，会丢掉之前的manifest。

核心插件：
优化了键盘的拦截方法，效率上升。

智能变量：
修复了同一个变量名输出多次的问题。

修复插件：
修复了当有卡死的易语言进程时，再打开新的易语言也卡死的问题。

命令提示多屏修正
修正选择自定义模式后宽高为空的判断

音效插件：
修复音效失效的错误

书签管理增强插件：
修改插件加载卡顿的问题；感谢【qq2493969946】反馈